<?xml version="1.0" encoding="UTF-8"?>
<!-- Generated by org.testng.reporters.JUnitXMLReporter -->
<testsuite ignored="0" hostname="DESKTOP-CL8QTLN" failures="1" tests="1" name="Test(failed)(failed)(failed)" time="63.495" errors="0" timestamp="2021-07-08T21:59:03 IST">
  <testcase classname="test.TESTWorkPage" name="work" time="22.506">
    <failure type="org.openqa.selenium.ElementClickInterceptedException" message="Element &amp;lt;select name=&amp;quot;active&amp;quot;&amp;gt; is not clickable at point (437.1999969482422,308.5) because another element &amp;lt;div id=&amp;quot;preInsertedTransformedMoireId&amp;quot; class=&amp;quot;transformedMoireClass&amp;quot;&amp;gt; obscures it
Build info: version: &amp;apos;3.141.59&amp;apos;, revision: &amp;apos;e82be7d358&amp;apos;, time: &amp;apos;2018-11-14T08:25:48&amp;apos;
System info: host: &amp;apos;DESKTOP-CL8QTLN&amp;apos;, ip: &amp;apos;192.168.43.199&amp;apos;, os.name: &amp;apos;Windows 10&amp;apos;, os.arch: &amp;apos;amd64&amp;apos;, os.version: &amp;apos;10.0&amp;apos;, java.version: &amp;apos;16.0.1&amp;apos;
Driver info: org.openqa.selenium.firefox.FirefoxDriver
Capabilities {acceptInsecureCerts: true, browserName: firefox, browserVersion: 60.0, javascriptEnabled: true, moz:accessibilityChecks: false, moz:geckodriverVersion: 0.29.1, moz:headless: false, moz:processID: 7324, moz:profile: C:\Users\lenovo\AppData\Loc..., moz:useNonSpecCompliantPointerOrigin: false, moz:webdriverClick: true, pageLoadStrategy: normal, platform: XP, platformName: XP, platformVersion: 10.0, rotatable: false, timeouts: {implicit: 0, pageLoad: 300000, script: 30000}}
Session ID: 57925185-4bbb-4edd-adf1-1127f461a15d">
      <![CDATA[org.openqa.selenium.ElementClickInterceptedException: Element <select name="active"> is not clickable at point (437.1999969482422,308.5) because another element <div id="preInsertedTransformedMoireId" class="transformedMoireClass"> obscures it
Build info: version: '3.141.59', revision: 'e82be7d358', time: '2018-11-14T08:25:48'
System info: host: 'DESKTOP-CL8QTLN', ip: '192.168.43.199', os.name: 'Windows 10', os.arch: 'amd64', os.version: '10.0', java.version: '16.0.1'
Driver info: org.openqa.selenium.firefox.FirefoxDriver
Capabilities {acceptInsecureCerts: true, browserName: firefox, browserVersion: 60.0, javascriptEnabled: true, moz:accessibilityChecks: false, moz:geckodriverVersion: 0.29.1, moz:headless: false, moz:processID: 7324, moz:profile: C:\Users\lenovo\AppData\Loc..., moz:useNonSpecCompliantPointerOrigin: false, moz:webdriverClick: true, pageLoadStrategy: normal, platform: XP, platformName: XP, platformVersion: 10.0, rotatable: false, timeouts: {implicit: 0, pageLoad: 300000, script: 30000}}
Session ID: 57925185-4bbb-4edd-adf1-1127f461a15d
at org.openqa.selenium.remote.http.W3CHttpResponseCodec.createException(W3CHttpResponseCodec.java:187)
at org.openqa.selenium.remote.http.W3CHttpResponseCodec.decode(W3CHttpResponseCodec.java:122)
at org.openqa.selenium.remote.http.W3CHttpResponseCodec.decode(W3CHttpResponseCodec.java:49)
at org.openqa.selenium.remote.HttpCommandExecutor.execute(HttpCommandExecutor.java:158)
at org.openqa.selenium.remote.service.DriverCommandExecutor.execute(DriverCommandExecutor.java:83)
at org.openqa.selenium.remote.RemoteWebDriver.execute(RemoteWebDriver.java:552)
at org.openqa.selenium.remote.RemoteWebElement.execute(RemoteWebElement.java:285)
at org.openqa.selenium.remote.RemoteWebElement.click(RemoteWebElement.java:84)
at org.openqa.selenium.support.ui.Select.setSelected(Select.java:311)
at org.openqa.selenium.support.ui.Select.selectByVisibleText(Select.java:116)
at base.BasePage.selectbyvisibletext(BasePage.java:12)
at pom.POMActitimeWorkPage.workMethod(POMActitimeWorkPage.java:43)
at test.TESTWorkPage.work(TESTWorkPage.java:18)
at java.base/java.util.ArrayList.forEach(ArrayList.java:1511)
... Removed 32 stack frames]]>
    </failure>
  </testcase> <!-- work -->
</testsuite> <!-- Test(failed)(failed)(failed) -->
